2026-07-09 21:04:29,916 INFO client.DefaultNoHARMFailoverProxyProvider: Connecting to ResourceManager at localhost/127.0.0.1:8032
2026-07-09 21:04:31,417 WARN mapreduce.JobResourceUploader: Hadoop command-line option parsing not performed. Implement the Tool interface and execute your application with ToolRunner to remedy this.
2026-07-09 21:04:31,497 INFO mapreduce.JobResourceUploader: Disabling Erasure Coding for path: /tmp/hadoop-yarn/staging/hadoop/.staging/job_1783601631665_0007
2026-07-09 21:04:32,990 INFO input.FileInputFormat: Total input files to process : 1
2026-07-09 21:04:33,226 INFO mapreduce.JobSubmitter: number of splits:1
2026-07-09 21:04:33,870 INFO mapreduce.JobSubmitter: Submitting tokens for job: job_1783601631665_0007
2026-07-09 21:04:33,870 INFO mapreduce.JobSubmitter: Executing with tokens: []
2026-07-09 21:04:34,910 INFO conf.Configuration: resource-types.xml not found
2026-07-09 21:04:34,912 INFO resource.ResourceUtils: Unable to find 'resource-types.xml'.
2026-07-09 21:04:35,287 INFO impl.YarnClientImpl: Submitted application application_1783601631665_0007
2026-07-09 21:04:35,524 INFO mapreduce.Job: The url to track the job: http://czh-VirtualBox:8088/proxy/application_1783601631665_0007/
2026-07-09 21:04:35,525 INFO mapreduce.Job: Running job: job_1783601631665_0007
2026-07-09 21:04:51,163 INFO mapreduce.Job: Job job_1783601631665_0007 running in uber mode : false
2026-07-09 21:04:51,165 INFO mapreduce.Job:  map 0% reduce 0%
2026-07-09 21:05:01,371 INFO mapreduce.Job:  map 100% reduce 0%
2026-07-09 21:05:11,485 INFO mapreduce.Job:  map 100% reduce 100%
2026-07-09 21:05:13,513 INFO mapreduce.Job: Job job_1783601631665_0007 completed successfully
2026-07-09 21:05:13,976 INFO mapreduce.Job: Counters: 54
	File System Counters
		FILE: Number of bytes read=17540
		FILE: Number of bytes written=588233
		FILE: Number of read operations=0
		FILE: Number of large read operations=0
		FILE: Number of write operations=0
		HDFS: Number of bytes read=107029
		HDFS: Number of bytes written=148
		HDFS: Number of read operations=8
		HDFS: Number of large read operations=0
		HDFS: Number of write operations=2
		HDFS: Number of bytes read erasure-coded=0
	Job Counters 
		Launched map tasks=1
		Launched reduce tasks=1
		Data-local map tasks=1
		Total time spent by all maps in occupied slots (ms)=7636
		Total time spent by all reduces in occupied slots (ms)=7764
		Total time spent by all map tasks (ms)=7636
		Total time spent by all reduce tasks (ms)=7764
		Total vcore-milliseconds taken by all map tasks=7636
		Total vcore-milliseconds taken by all reduce tasks=7764
		Total megabyte-milliseconds taken by all map tasks=7819264
		Total megabyte-milliseconds taken by all reduce tasks=7950336
	Map-Reduce Framework
		Map input records=1595
		Map output records=1594
		Map output bytes=14346
		Map output materialized bytes=17540
		Input split bytes=102
		Combine input records=0
		Combine output records=0
		Reduce input groups=5
		Reduce shuffle bytes=17540
		Reduce input records=1594
		Reduce output records=5
		Spilled Records=3188
		Shuffled Maps =1
		Failed Shuffles=0
		Merged Map outputs=1
		GC time elapsed (ms)=178
		CPU time spent (ms)=1060
		Physical memory (bytes) snapshot=362917888
		Virtual memory (bytes) snapshot=5104783360
		Total committed heap usage (bytes)=230821888
		Peak Map Physical memory (bytes)=234692608
		Peak Map Virtual memory (bytes)=2548711424
		Peak Reduce Physical memory (bytes)=128225280
		Peak Reduce Virtual memory (bytes)=2556071936
	Shuffle Errors
		BAD_ID=0
		CONNECTION=0
		IO_ERROR=0
		WRONG_LENGTH=0
		WRONG_MAP=0
		WRONG_REDUCE=0
	File Input Format Counters 
		Bytes Read=106927
	File Output Format Counters 
		Bytes Written=148
